SF:src/vibes_pipe/__init__.py
end_of_record
SF:src/vibes_pipe/cli/__init__.py
end_of_record
SF:src/vibes_pipe/cli/infer.py
DA:6,1
DA:8,1
DA:9,1
DA:10,1
DA:12,1
DA:14,1
DA:22,1
DA:23,1
DA:24,1
DA:25,1
DA:26,0
DA:27,1
DA:30,1
DA:33,1
DA:34,1
DA:35,0
DA:36,0
DA:39,1
DA:40,1
DA:41,1
DA:42,1
DA:43,1
DA:44,0
DA:45,1
DA:46,1
DA:49,1
DA:50,1
DA:51,1
DA:52,0
DA:53,1
DA:54,1
DA:55,1
DA:62,1
DA:63,1
DA:64,1
DA:65,1
DA:71,1
DA:76,1
DA:79,1
DA:80,1
DA:82,1
DA:83,1
DA:84,1
DA:87,1
DA:88,1
DA:90,1
DA:91,1
DA:92,1
DA:95,0
DA:96,0
DA:97,0
DA:99,0
DA:102,1
DA:103,0
LF:54
LH:44
FN:22,27,_load_yaml
FNDA:1,_load_yaml
FN:30,36,_parse_value
FNDA:1,_parse_value
FN:39,46,_deep_set
FNDA:1,_deep_set
FN:49,55,_apply_overrides
FNDA:1,_apply_overrides
FN:62,76,build_parser
FNDA:1,build_parser
FN:79,99,main
FNDA:1,main
FNF:6
FNH:6
end_of_record
SF:src/vibes_pipe/data/__init__.py
end_of_record
SF:src/vibes_pipe/data/inspect_data.py
DA:2,0
DA:3,0
DA:4,0
DA:5,0
DA:6,0
DA:8,0
DA:9,0
DA:11,0
DA:17,0
DA:18,0
DA:19,0
DA:21,0
DA:22,0
DA:24,0
DA:25,0
DA:26,0
DA:28,0
DA:29,0
DA:30,0
DA:31,0
DA:34,0
DA:35,0
DA:36,0
DA:37,0
DA:39,0
DA:40,0
DA:41,0
DA:43,0
DA:44,0
DA:45,0
DA:47,0
DA:48,0
DA:50,0
DA:51,0
DA:52,0
DA:54,0
DA:55,0
DA:56,0
DA:57,0
DA:59,0
DA:61,0
DA:62,0
DA:63,0
LF:43
LH:0
FN:11,63,save_slice_previews
FNDA:0,save_slice_previews
FNF:1
FNH:0
end_of_record
SF:src/vibes_pipe/data/pairs.py
DA:1,0
DA:2,0
DA:3,0
DA:4,0
DA:5,0
DA:6,0
DA:7,0
DA:8,0
DA:9,0
DA:10,0
DA:11,0
DA:12,0
DA:13,0
DA:16,0
DA:17,0
DA:20,0
DA:26,0
DA:33,0
DA:34,0
DA:35,0
DA:37,0
DA:39,0
DA:41,0
DA:42,0
DA:44,0
DA:46,0
DA:47,0
DA:48,0
DA:50,0
DA:51,0
DA:53,0
DA:56,0
DA:59,0
DA:60,0
DA:61,0
DA:62,0
DA:64,0
DA:65,0
DA:67,0
DA:70,0
DA:75,0
DA:77,0
DA:78,0
DA:80,0
DA:91,0
DA:92,0
DA:95,0
DA:96,0
DA:97,0
DA:100,0
DA:101,0
DA:102,0
DA:104,0
DA:106,0
DA:108,0
DA:111,0
DA:134,0
DA:135,0
DA:136,0
DA:139,0
DA:140,0
DA:141,0
DA:142,0
DA:143,0
DA:144,0
DA:145,0
DA:146,0
DA:147,0
DA:150,0
DA:151,0
DA:152,0
DA:154,0
DA:161,0
DA:163,0
DA:164,0
DA:165,0
DA:166,0
DA:169,0
DA:171,0
DA:172,0
DA:174,0
DA:175,0
DA:177,0
DA:178,0
DA:179,0
DA:180,0
DA:181,0
DA:184,0
DA:185,0
DA:186,0
DA:187,0
DA:188,0
DA:191,0
DA:192,0
DA:193,0
DA:195,0
DA:197,0
DA:198,0
DA:199,0
DA:200,0
DA:201,0
DA:202,0
DA:203,0
DA:205,0
DA:207,0
DA:208,0
DA:209,0
DA:210,0
DA:211,0
DA:213,0
DA:215,0
DA:217,0
DA:218,0
DA:219,0
DA:220,0
DA:221,0
DA:224,0
DA:225,0
DA:226,0
DA:228,0
DA:229,0
DA:230,0
DA:231,0
DA:234,0
DA:235,0
DA:236,0
DA:237,0
DA:239,0
DA:241,0
DA:242,0
DA:243,0
DA:244,0
DA:246,0
DA:255,0
DA:257,0
DA:258,0
DA:259,0
DA:260,0
DA:261,0
DA:263,0
DA:264,0
DA:265,0
DA:266,0
DA:267,0
DA:268,0
DA:270,0
DA:271,0
DA:272,0
DA:275,0
DA:276,0
DA:278,0
DA:279,0
DA:281,0
DA:284,0
DA:286,0
DA:287,0
DA:290,0
DA:308,0
DA:309,0
DA:310,0
DA:312,0
DA:313,0
DA:314,0
DA:316,0
DA:317,0
DA:318,0
DA:319,0
DA:320,0
DA:322,0
DA:323,0
DA:324,0
DA:326,0
DA:327,0
DA:330,0
DA:331,0
DA:332,0
DA:333,0
DA:336,0
DA:337,0
DA:338,0
DA:339,0
DA:341,0
DA:343,0
DA:345,0
DA:346,0
DA:349,0
DA:350,0
DA:356,0
DA:359,0
DA:360,0
DA:361,0
DA:362,0
DA:364,0
DA:365,0
DA:366,0
DA:367,0
DA:369,0
DA:377,0
DA:378,0
DA:380,0
DA:381,0
DA:383,0
DA:384,0
DA:385,0
DA:388,0
DA:389,0
DA:390,0
DA:392,0
DA:393,0
DA:394,0
DA:405,0
DA:407,0
DA:408,0
DA:409,0
DA:412,0
DA:422,0
DA:423,0
DA:426,0
DA:432,0
DA:441,0
DA:442,0
DA:443,0
DA:444,0
DA:446,0
DA:447,0
DA:449,0
DA:450,0
DA:453,0
DA:454,0
DA:455,0
DA:456,0
DA:459,0
DA:460,0
DA:471,0
DA:472,0
DA:474,0
DA:481,0
DA:483,0
DA:484,0
DA:486,0
DA:487,0
DA:489,0
DA:491,0
DA:493,0
LF:244
LH:0
FN:26,37,NoiseProfileManager.__init__
FNDA:0,NoiseProfileManager.__init__
FN:39,78,NoiseProfileManager._load_all_profiles
FNDA:0,NoiseProfileManager._load_all_profiles
FN:80,104,NoiseProfileManager.get_profile
FNDA:0,NoiseProfileManager.get_profile
FN:106,108,NoiseProfileManager.has_profile
FNDA:0,NoiseProfileManager.has_profile
FN:111,281,create_and_save_pairs
FNDA:0,create_and_save_pairs
FN:150,152,create_and_save_pairs.read_ids
FNDA:0,create_and_save_pairs.read_ids
FN:284,287,load_pairs_from_file
FNDA:0,load_pairs_from_file
FN:290,409,preprocess_and_save_as_dict
FNDA:0,preprocess_and_save_as_dict
FN:412,423,load_preprocessed_dataset
FNDA:0,load_preprocessed_dataset
FN:432,444,DictDataset.__init__
FNDA:0,DictDataset.__init__
FN:446,447,DictDataset.__len__
FNDA:0,DictDataset.__len__
FN:449,489,DictDataset.__getitem__
FNDA:0,DictDataset.__getitem__
FN:491,493,DictDataset.has_noise
FNDA:0,DictDataset.has_noise
FNF:13
FNH:0
end_of_record
SF:src/vibes_pipe/data/prepare_data.py
DA:1,0
DA:2,0
DA:3,0
DA:4,0
DA:5,0
DA:7,0
DA:9,0
DA:15,0
DA:16,0
DA:17,0
DA:19,0
DA:20,0
DA:22,0
DA:23,0
DA:25,0
DA:28,0
DA:29,0
DA:41,0
DA:42,0
DA:43,0
DA:45,0
DA:46,0
DA:55,0
DA:66,0
DA:68,0
LF:25
LH:0
FN:9,68,run_prepare_data
FNDA:0,run_prepare_data
FNF:1
FNH:0
end_of_record
SF:src/vibes_pipe/pipelines/__init__.py
end_of_record
SF:src/vibes_pipe/pipelines/infer.py
DA:1,1
DA:3,1
DA:4,1
DA:5,1
DA:6,1
DA:9,1
DA:14,0
DA:15,0
DA:16,0
DA:25,0
DA:36,0
LF:11
LH:6
FN:9,36,run_infer
FNDA:0,run_infer
FNF:1
FNH:0
end_of_record
